This is pdfeTeX, Version 3.141592-1.21a-2.2 (Web2C 7.5.4) (format=latex 2005.9.6)  8 SEP 2006 12:19
entering extended mode
**refman.tex
(./refman.tex
LaTeX2e <2003/12/01>
Babel <v3.8d> and hyphenation patterns for american, french, german, ngerman, b
ahasa, basque, bulgarian, catalan, croatian, czech, danish, dutch, esperanto, e
stonian, finnish, greek, icelandic, irish, italian, latin, magyar, norsk, polis
h, portuges, romanian, russian, serbian, slovak, slovene, spanish, swedish, tur
kish, ukrainian, nohyphenation, loaded.
(/usr/share/texmf/tex/latex/base/book.cls
Document Class: book 2004/02/16 v1.4f Standard LaTeX document class
(/usr/share/texmf/tex/latex/base/bk10.clo
File: bk10.clo 2004/02/16 v1.4f Standard LaTeX file (size option)
)
\c@part=\count79
\c@chapter=\count80
\c@section=\count81
\c@subsection=\count82
\c@subsubsection=\count83
\c@paragraph=\count84
\c@subparagraph=\count85
\c@figure=\count86
\c@table=\count87
\abovecaptionskip=\skip41
\belowcaptionskip=\skip42
\bibindent=\dimen102
)
(/usr/share/texmf/tex/latex/a4wide/a4wide.sty
Package: a4wide 1994/08/30

(/usr/share/texmf/tex/latex/ntgclass/a4.sty
Package: a4 2004/04/15 v1.2g A4 based page layout
))
(/usr/share/texmf/tex/latex/base/makeidx.sty
Package: makeidx 2000/03/29 v1.0m Standard LaTeX package
)
(/usr/share/texmf/tex/latex/fancyhdr/fancyhdr.sty
\fancy@headwidth=\skip43
\f@ncyO@elh=\skip44
\f@ncyO@erh=\skip45
\f@ncyO@olh=\skip46
\f@ncyO@orh=\skip47
\f@ncyO@elf=\skip48
\f@ncyO@erf=\skip49
\f@ncyO@olf=\skip50
\f@ncyO@orf=\skip51
)
(/usr/share/texmf/tex/latex/graphics/graphicx.sty
Package: graphicx 1999/02/16 v1.0f Enhanced LaTeX Graphics (DPC,SPQR)

(/usr/share/texmf/tex/latex/graphics/keyval.sty
Package: keyval 1999/03/16 v1.13 key=value parser (DPC)
\KV@toks@=\toks14
)
(/usr/share/texmf/tex/latex/graphics/graphics.sty
Package: graphics 2001/07/07 v1.0n Standard LaTeX Graphics (DPC,SPQR)

(/usr/share/texmf/tex/latex/graphics/trig.sty
Package: trig 1999/03/16 v1.09 sin cos tan (DPC)
)
(/usr/share/texmf/tex/latex/graphics/graphics.cfg
File: graphics.cfg 2005/02/03 v1.3 graphics configuration of teTeX/TeXLive
)
Package graphics Info: Driver file: dvips.def on input line 80.

(/usr/share/texmf/tex/latex/graphics/dvips.def
File: dvips.def 1999/02/16 v3.0i Driver-dependant file (DPC,SPQR)
))
\Gin@req@height=\dimen103
\Gin@req@width=\dimen104
)
(/usr/share/texmf/tex/latex/tools/multicol.sty
Package: multicol 2004/02/14 v1.6e multicolumn formatting (FMi)
\c@tracingmulticols=\count88
\mult@box=\box26
\multicol@leftmargin=\dimen105
\c@unbalance=\count89
\c@collectmore=\count90
\doublecol@number=\count91
\multicoltolerance=\count92
\multicolpretolerance=\count93
\full@width=\dimen106
\page@free=\dimen107
\premulticols=\dimen108
\postmulticols=\dimen109
\multicolsep=\skip52
\multicolbaselineskip=\skip53
\partial@page=\box27
\last@line=\box28
\mult@rightbox=\box29
\mult@grightbox=\box30
\mult@gfirstbox=\box31
\mult@firstbox=\box32
\@tempa=\box33
\@tempa=\box34
\@tempa=\box35
\@tempa=\box36
\@tempa=\box37
\@tempa=\box38
\@tempa=\box39
\@tempa=\box40
\@tempa=\box41
\@tempa=\box42
\@tempa=\box43
\@tempa=\box44
\@tempa=\box45
\@tempa=\box46
\@tempa=\box47
\@tempa=\box48
\@tempa=\box49
\c@columnbadness=\count94
\c@finalcolumnbadness=\count95
\last@try=\dimen110
\multicolovershoot=\dimen111
\multicolundershoot=\dimen112
\mult@nat@firstbox=\box50
\colbreak@box=\box51
)
(/usr/share/texmf/tex/latex/float/float.sty
Package: float 2001/11/08 v1.3d Float enhancements (AL)
\c@float@type=\count96
\float@exts=\toks15
\float@box=\box52
\@float@everytoks=\toks16
\@floatcapt=\box53
)
(/usr/share/texmf/tex/latex/base/textcomp.sty
Package: textcomp 2004/02/22 v1.99f Standard LaTeX package
Package textcomp Info: Sub-encoding information:
(textcomp)               5 = only ISO-Adobe without \textcurrency
(textcomp)               4 = 5 + \texteuro
(textcomp)               3 = 4 + \textohm
(textcomp)               2 = 3 + \textestimated + \textcurrency
(textcomp)               1 = TS1 - \textcircled - \t
(textcomp)               0 = TS1 (full)
(textcomp)             Font families with sub-encoding setting implement
(textcomp)             only a restricted character set as indicated.
(textcomp)             Family '?' is the default used for unknown fonts.
(textcomp)             See the documentation for details.
Package textcomp Info: Setting ? sub-encoding to TS1/1 on input line 71.

(/usr/share/texmf/tex/latex/base/ts1enc.def
File: ts1enc.def 2001/06/05 v3.0e (jk/car/fm) Standard LaTeX file
)
LaTeX Info: Redefining \oldstylenums on input line 266.
Package textcomp Info: Setting cmr sub-encoding to TS1/0 on input line 281.
Package textcomp Info: Setting cmss sub-encoding to TS1/0 on input line 282.
Package textcomp Info: Setting cmtt sub-encoding to TS1/0 on input line 283.
Package textcomp Info: Setting cmvtt sub-encoding to TS1/0 on input line 284.
Package textcomp Info: Setting cmbr sub-encoding to TS1/0 on input line 285.
Package textcomp Info: Setting cmtl sub-encoding to TS1/0 on input line 286.
Package textcomp Info: Setting ccr sub-encoding to TS1/0 on input line 287.
Package textcomp Info: Setting ptm sub-encoding to TS1/4 on input line 288.
Package textcomp Info: Setting pcr sub-encoding to TS1/4 on input line 289.
Package textcomp Info: Setting phv sub-encoding to TS1/4 on input line 290.
Package textcomp Info: Setting ppl sub-encoding to TS1/3 on input line 291.
Package textcomp Info: Setting pag sub-encoding to TS1/4 on input line 292.
Package textcomp Info: Setting pbk sub-encoding to TS1/4 on input line 293.
Package textcomp Info: Setting pnc sub-encoding to TS1/4 on input line 294.
Package textcomp Info: Setting pzc sub-encoding to TS1/4 on input line 295.
Package textcomp Info: Setting bch sub-encoding to TS1/4 on input line 296.
Package textcomp Info: Setting put sub-encoding to TS1/5 on input line 297.
Package textcomp Info: Setting uag sub-encoding to TS1/5 on input line 298.
Package textcomp Info: Setting ugq sub-encoding to TS1/5 on input line 299.
Package textcomp Info: Setting ul8 sub-encoding to TS1/4 on input line 300.
Package textcomp Info: Setting ul9 sub-encoding to TS1/4 on input line 301.
Package textcomp Info: Setting augie sub-encoding to TS1/5 on input line 302.
Package textcomp Info: Setting dayrom sub-encoding to TS1/3 on input line 303.
Package textcomp Info: Setting dayroms sub-encoding to TS1/3 on input line 304.

Package textcomp Info: Setting pxr sub-encoding to TS1/0 on input line 305.
Package textcomp Info: Setting pxss sub-encoding to TS1/0 on input line 306.
Package textcomp Info: Setting pxtt sub-encoding to TS1/0 on input line 307.
Package textcomp Info: Setting txr sub-encoding to TS1/0 on input line 308.
Package textcomp Info: Setting txss sub-encoding to TS1/0 on input line 309.
Package textcomp Info: Setting txtt sub-encoding to TS1/0 on input line 310.
Package textcomp Info: Setting futs sub-encoding to TS1/4 on input line 311.
Package textcomp Info: Setting futx sub-encoding to TS1/4 on input line 312.
Package textcomp Info: Setting futj sub-encoding to TS1/4 on input line 313.
Package textcomp Info: Setting hlh sub-encoding to TS1/3 on input line 314.
Package textcomp Info: Setting hls sub-encoding to TS1/3 on input line 315.
Package textcomp Info: Setting hlst sub-encoding to TS1/3 on input line 316.
Package textcomp Info: Setting hlct sub-encoding to TS1/5 on input line 317.
Package textcomp Info: Setting hlx sub-encoding to TS1/5 on input line 318.
Package textcomp Info: Setting hlce sub-encoding to TS1/5 on input line 319.
Package textcomp Info: Setting hlcn sub-encoding to TS1/5 on input line 320.
Package textcomp Info: Setting hlcw sub-encoding to TS1/5 on input line 321.
Package textcomp Info: Setting hlcf sub-encoding to TS1/5 on input line 322.
Package textcomp Info: Setting pplx sub-encoding to TS1/3 on input line 323.
Package textcomp Info: Setting pplj sub-encoding to TS1/3 on input line 324.
Package textcomp Info: Setting ptmx sub-encoding to TS1/4 on input line 325.
Package textcomp Info: Setting ptmj sub-encoding to TS1/4 on input line 326.
)
(/usr/share/texmf/tex/latex/base/alltt.sty
Package: alltt 1997/06/16 v2.0g defines alltt environment
) (./doxygen.sty
Package: doxygen 

(/usr/share/texmf/tex/latex/tools/calc.sty
Package: calc 1998/07/07 v4.1b Infix arithmetic (KKT,FJ)
\calc@Acount=\count97
\calc@Bcount=\count98
\calc@Adimen=\dimen113
\calc@Bdimen=\dimen114
\calc@Askip=\skip54
\calc@Bskip=\skip55
LaTeX Info: Redefining \setlength on input line 59.
LaTeX Info: Redefining \addtolength on input line 60.
\calc@denominator=\count99
)
(/usr/share/texmf/tex/latex/tools/array.sty
Package: array 2003/12/17 v2.4a Tabular extension package (FMi)
\col@sep=\dimen115
\extrarowheight=\dimen116
\NC@list=\toks17
\extratabsurround=\skip56
\backup@length=\skip57
)
\tmplength=\skip58
)
(/usr/share/texmf/tex/latex/base/fontenc.sty
Package: fontenc 2004/02/22 v1.99f Standard LaTeX package

(/usr/share/texmf/tex/latex/base/t1enc.def
File: t1enc.def 2004/02/22 v1.99f Standard LaTeX file
LaTeX Font Info:    Redeclaring font encoding T1 on input line 43.
))
\@indexfile=\write3
\openout3 = `refman.idx'.


Writing index file refman.idx
(./refman.aux (./group__ccLabelling.aux) (./group__DistanceTransform.aux)
(./group__kMeans.aux) (./group__misc.aux) (./group__Morpho.aux)
(./group__basisFunctions.aux) (./group__extremaExtraction.aux)
(./group__reconstruction.aux) (./group__connectedOperators.aux)
(./group__interval.aux) (./group__regionGrowing.aux) (./group__Tarjan.aux)
(./group__templateMatching.aux) (./group__ImageProcessing.aux)
(./group__thresholding.aux) (./group__constrainedWatershed.aux)
(./group__watershed.aux) (./group__FlatSE.aux) (./group__Histogram.aux)
(./group__DataStructures.aux) (./group__Image.aux) (./group__NonFlatSE.aux)
(./group__Point.aux) (./dir_000001.aux) (./namespacestd.aux)
(./classLibTIM_1_1Histogram.aux) (./classLibTIM_1_1Image.aux)
(./classLibTIM_1_1ImageIterator.aux) (./classLibTIM_1_1ImageIteratorXYZ.aux)
(./classLibTIM_1_1ImageRegionsInfos.aux) (./structLibTIM_1_1Node.aux)
(./classLibTIM_1_1NonFlatSE.aux) (./classLibTIM_1_1OrderedQueue.aux)
(./classLibTIM_1_1OrderedQueueDouble.aux) (./classLibTIM_1_1Point.aux)
(./classLibTIM_1_1Queue.aux) (./classRandom.aux) (./structLibTIM_1_1Region.aux)
(./structLibTIM_1_1Table.aux) (./AdaptativeSE_8hxx.aux) (./ComponentTree_8h.aux
) (./ComponentTree_8hxx.aux) (./ConnectedComponents_8h.aux)
(./ConnectedComponents_8hxx.aux) (./DistanceTransform_8h.aux)
(./DistanceTransform_8hxx.aux) (./KMeans_8h.aux) (./KMeans_8hxx.aux)
(./Misc_8h.aux) (./Misc_8hxx.aux) (./Morphology_8h.aux) (./Morphology_8hxx.aux)
(./random-singleton_8cpp.aux) (./random-singleton_8h.aux)
(./RegionGrowing_8h.aux) (./RegionGrowing_8hxx.aux) (./Tarjan_8h.aux)
(./Tarjan_8hxx.aux) (./TemplateMatching_8h.aux) (./TemplateMatching_8hxx.aux)
(./Thresholding_8h.aux) (./Thresholding_8hxx.aux) (./ViscousWatershed_8h.aux)
(./ViscousWatershed_8hxx.aux) (./Watershed_8h.aux) (./Watershed_8hxx.aux)
(./FlatSE_8h.aux) (./FlatSE_8hxx.aux) (./Histogram_8h.aux)
(./Histogram_8hxx.aux) (./Image_8h.aux) (./Image_8hxx.aux) (./ImageIO_8hxx.aux)
(./ImageIterators_8h.aux) (./NonFlatSE_8h.aux) (./NonFlatSE_8hxx.aux)
(./OrderedQueue_8h.aux) (./Point_8h.aux) (./Types_8h.aux))
\openout1 = `refman.aux'.

LaTeX Font Info:    Checking defaults for OML/cmm/m/it on input line 14.
LaTeX Font Info:    ... okay on input line 14.
LaTeX Font Info:    Checking defaults for T1/cmr/m/n on input line 14.
LaTeX Font Info:    ... okay on input line 14.
LaTeX Font Info:    Checking defaults for OT1/cmr/m/n on input line 14.
LaTeX Font Info:    ... okay on input line 14.
LaTeX Font Info:    Checking defaults for OMS/cmsy/m/n on input line 14.
LaTeX Font Info:    ... okay on input line 14.
LaTeX Font Info:    Checking defaults for OMX/cmex/m/n on input line 14.
LaTeX Font Info:    ... okay on input line 14.
LaTeX Font Info:    Checking defaults for U/cmr/m/n on input line 14.
LaTeX Font Info:    ... okay on input line 14.
LaTeX Font Info:    Checking defaults for TS1/cmr/m/n on input line 14.
LaTeX Font Info:    Try loading font information for TS1+cmr on input line 14.

(/usr/share/texmf/tex/latex/base/ts1cmr.fd
File: ts1cmr.fd 1999/05/25 v2.5h Standard LaTeX font definitions
)
LaTeX Font Info:    ... okay on input line 14.
 [1


] [2

] (./refman.toc
LaTeX Font Info:    External font `cmex10' loaded for size
(Font)              <7> on input line 2.
LaTeX Font Info:    External font `cmex10' loaded for size
(Font)              <5> on input line 2.
 [1

] [2]
Underfull \vbox (badness 1389) has occurred while \output is active []

 [3])
\tf@toc=\write4
\openout4 = `refman.toc'.


[4]
Chapter 1.
(./modules.tex) [1


] [2

]
Chapter 2.
(./dirs.tex) [3] [4

]
Chapter 3.
(./namespaces.tex) [5] [6

]
Chapter 4.
(./hierarchy.tex) [7] [8

]
Chapter 5.
(./annotated.tex) [9] [10

]
Chapter 6.
(./files.tex [11]) [12]
Chapter 7.
(./group__ccTree.tex
Underfull \hbox (badness 10000) in paragraph at lines 22--24
[]\T1/cmr/m/n/10 template$\OML/cmm/m/it/10 <$\T1/cmr/m/n/10 class T$\OML/cmm/m/
it/10 >$ \T1/cmr/bx/n/10 t-Node $\OMS/cmsy/m/n/10 ^^C$ \T1/cmr/bx/n/10 Lib-TIM:
:compute-Component-Tree-Bens-Method
 []

[13

]
LaTeX Font Info:    Try loading font information for T1+cmtt on input line 110.

 (/usr/share/texmf/tex/latex/base/t1cmtt.fd
File: t1cmtt.fd 1999/05/25 v2.5h Standard LaTeX font definitions
))
Underfull \vbox (badness 10000) has occurred while \output is active []

 [14]
[15]
\openout2 = `group__ccLabelling.aux'.

 (./group__ccLabelling.tex) [16

]
\openout2 = `group__DistanceTransform.aux'.

 (./group__DistanceTransform.tex) [17


]
\openout2 = `group__kMeans.aux'.


(./group__kMeans.tex) [18


]
\openout2 = `group__misc.aux'.

 (./group__misc.tex
LaTeX Font Info:    External font `cmex10' loaded for size
(Font)              <9> on input line 15.
LaTeX Font Info:    External font `cmex10' loaded for size
(Font)              <6> on input line 15.
 [19


]) [20]
\openout2 = `group__Morpho.aux'.

 (./group__Morpho.tex)
[21


]
\openout2 = `group__basisFunctions.aux'.

 (./group__basisFunctions.tex [22


]
Underfull \hbox (badness 10000) in paragraph at lines 86--86

 []

[23]
Underfull \hbox (badness 10000) in paragraph at lines 91--91

 []


Underfull \hbox (badness 10000) in paragraph at lines 100--100

 []


Underfull \hbox (badness 10000) in paragraph at lines 105--105

 []


Underfull \hbox (badness 10000) in paragraph at lines 114--114

 []


Underfull \hbox (badness 10000) in paragraph at lines 119--119

 []


Underfull \hbox (badness 10000) in paragraph at lines 135--135

 []


Underfull \hbox (badness 10000) in paragraph at lines 140--140

 []

[24]) [25]
\openout2 = `group__extremaExtraction.aux'.

 (./group__extremaExtraction.tex
Underfull \hbox (badness 10000) in paragraph at lines 23--23

 []


Underfull \hbox (badness 10000) in paragraph at lines 28--28

 []


Underfull \hbox (badness 10000) in paragraph at lines 39--39

 []

[26


]
Underfull \hbox (badness 10000) in paragraph at lines 44--44

 []

) [27]
\openout2 = `group__reconstruction.aux'.

 (./group__reconstruction.tex
Underfull \hbox (badness 10000) in paragraph at lines 21--21

 []


Underfull \hbox (badness 10000) in paragraph at lines 33--33

 []

) [28


]
\openout2 = `group__connectedOperators.aux'.

 (./group__connectedOperators.tex
Underfull \hbox (badness 10000) in paragraph at lines 21--21

 []


Underfull \hbox (badness 10000) in paragraph at lines 33--33

 []

) [29


]
\openout2 = `group__interval.aux'.

 (./group__interval.tex
Underfull \hbox (badness 10000) in paragraph at lines 33--33

 []


Underfull \hbox (badness 10000) in paragraph at lines 38--38

 []

[30


]
Underfull \hbox (badness 10000) in paragraph at lines 54--54

 []


Underfull \hbox (badness 10000) in paragraph at lines 77--77

 []


Underfull \hbox (badness 10000) in paragraph at lines 86--86

 []

[31]
Underfull \hbox (badness 10000) in paragraph at lines 95--95

 []

) [32]
\openout2 = `group__regionGrowing.aux'.

 (./group__regionGrowing.tex [33


]) [34]
\openout2 = `group__Tarjan.aux'.

 (./group__Tarjan.tex) [35


]
[36]
\openout2 = `group__templateMatching.aux'.

 (./group__templateMatching.tex) [37


]
\openout2 = `group__ImageProcessing.aux'.

 (./group__ImageProcessing.tex)
[38


]
\openout2 = `group__thresholding.aux'.

 (./group__thresholding.tex) [39


]
\openout2 = `group__constrainedWatershed.aux'.

 (./group__constrainedWatershed.tex)
[40


]
\openout2 = `group__watershed.aux'.

 (./group__watershed.tex) [41


]
\openout2 = `group__FlatSE.aux'.

 (./group__FlatSE.tex) [42


]
\openout2 = `group__Histogram.aux'.


(./group__Histogram.tex) [43


]
\openout2 = `group__DataStructures.aux'.

 (./group__DataStructures.tex) [44


]
\openout2 = `group__Image.aux'.


(./group__Image.tex
Underfull \hbox (badness 2237) in paragraph at lines 19--21
[]\T1/cmr/m/n/10 typedef std::reverse_-iterator$\OML/cmm/m/it/10 <$ \T1/cmr/m/n
/10 const_-iterator $\OML/cmm/m/it/10 >$ \T1/cmr/bx/n/10 Lib-TIM::Image::const_
-reverse_-
 []

[45


] [46]
Underfull \vbox (badness 2035) has occurred while \output is active []

 [47]
Underfull \vbox (badness 10000) has occurred while \output is active []

 [48]
Underfull \vbox (badness 10000) has occurred while \output is active []

 [49]
[50] [51] [52])
Underfull \vbox (badness 10000) has occurred while \output is active []

 [53]
[54]
\openout2 = `group__NonFlatSE.aux'.

 (./group__NonFlatSE.tex) [55


]
\openout2 = `group__Point.aux'.

 (./group__Point.tex) [56


]
Chapter 8.
(./dir_000000.tex) [57


]
\openout2 = `dir_000001.aux'.

 (./dir_000001.tex) [58

]
Chapter 9.
(./namespaceLibTIM.tex [59


] [60] [61] [62] [63] [64] [65]) [66]
\openout2 = `namespacestd.aux'.


(./namespacestd.tex) [67

] [68


]
Chapter 10.
(./classLibTIM_1_1FlatSE.tex
File: classLibTIM_1_1FlatSE.eps Graphic file (type eps)
 <classLibTIM_1_1FlatSE.eps> [69]
Underfull \hbox (badness 10000) in paragraph at lines 101--101

 []

[70] [71] [72]) [73]
\openout2 = `classLibTIM_1_1Histogram.aux'.

 (./classLibTIM_1_1Histogram.tex
LaTeX Font Info:    External font `cmex10' loaded for size
(Font)              <14.4> on input line 1.
) [74

]
\openout2 = `classLibTIM_1_1Image.aux'.


(./classLibTIM_1_1Image.tex [75


] [76]
Underfull \hbox (badness 10000) in paragraph at lines 173--173

 []


Underfull \hbox (badness 10000) in paragraph at lines 191--191

 []

[77]
Underfull \hbox (badness 10000) in paragraph at lines 211--211

 []

[78]) [79]
\openout2 = `classLibTIM_1_1ImageIterator.aux'.

 (./classLibTIM_1_1ImageIterator.tex
File: classLibTIM_1_1ImageIterator.eps Graphic file (type eps)

<classLibTIM_1_1ImageIterator.eps> [80


]) [81]
\openout2 = `classLibTIM_1_1ImageIteratorXYZ.aux'.


(./classLibTIM_1_1ImageIteratorXYZ.tex
File: classLibTIM_1_1ImageIteratorXYZ.eps Graphic file (type eps)
 <classLibTIM_1_1ImageIteratorXYZ.eps>
[82


]) [83]
\openout2 = `classLibTIM_1_1ImageRegionsInfos.aux'.

 (./classLibTIM_1_1ImageRegionsInfos.tex) [84


] [85]
\openout2 = `structLibTIM_1_1Node.aux'.


(./structLibTIM_1_1Node.tex) [86


]
\openout2 = `classLibTIM_1_1NonFlatSE.aux'.

 (./classLibTIM_1_1NonFlatSE.tex
File: classLibTIM_1_1NonFlatSE.eps Graphic file (type eps)

<classLibTIM_1_1NonFlatSE.eps>
Underfull \vbox (badness 10000) has occurred while \output is active []

 [87


])
[88]
\openout2 = `classLibTIM_1_1OrderedQueue.aux'.

 (./classLibTIM_1_1OrderedQueue.tex [89


]) [90]
\openout2 = `classLibTIM_1_1OrderedQueueDouble.aux'.


(./classLibTIM_1_1OrderedQueueDouble.tex [91


]) [92]
\openout2 = `classLibTIM_1_1Point.aux'.

 (./classLibTIM_1_1Point.tex
Underfull \vbox (badness 10000) has occurred while \output is active []

 [93


])
[94]
\openout2 = `classLibTIM_1_1Queue.aux'.

 (./classLibTIM_1_1Queue.tex) [95


]
\openout2 = `classRandom.aux'.

 (./classRandom.tex) [96


]
\openout2 = `structLibTIM_1_1Region.aux'.


(./structLibTIM_1_1Region.tex) [97


]
\openout2 = `structLibTIM_1_1Table.aux'.

 (./structLibTIM_1_1Table.tex) [98


]
Chapter 11.
(./AdaptativeSE_8h.tex) [99


]
\openout2 = `AdaptativeSE_8hxx.aux'.

 (./AdaptativeSE_8hxx.tex) [100

]
\openout2 = `ComponentTree_8h.aux'.


(./ComponentTree_8h.tex) [101


]
\openout2 = `ComponentTree_8hxx.aux'.

 (./ComponentTree_8hxx.tex
Underfull \hbox (badness 10000) in paragraph at lines 40--42
[]\T1/cmr/m/n/10 template$\OML/cmm/m/it/10 <$\T1/cmr/m/n/10 class T$\OML/cmm/m/
it/10 >$ \T1/cmr/bx/n/10 t-Node $\OMS/cmsy/m/n/10 ^^C$ \T1/cmr/bx/n/10 Lib-TIM:
:compute-Component-Tree-Bens-Method
 []

[102


]) [103]
\openout2 = `ConnectedComponents_8h.aux'.

 (./ConnectedComponents_8h.tex) [104


]
\openout2 = `ConnectedComponents_8hxx.aux'.


(./ConnectedComponents_8hxx.tex) [105


]
\openout2 = `DistanceTransform_8h.aux'.

 (./DistanceTransform_8h.tex) [106


]
\openout2 = `DistanceTransform_8hxx.aux'.


(./DistanceTransform_8hxx.tex) [107


]
\openout2 = `KMeans_8h.aux'.

 (./KMeans_8h.tex) [108


]
\openout2 = `KMeans_8hxx.aux'.

 (./KMeans_8hxx.tex) [109


]
\openout2 = `Misc_8h.aux'.

 (./Misc_8h.tex) [110


]
\openout2 = `Misc_8hxx.aux'.

 (./Misc_8hxx.tex) [111


]
\openout2 = `Morphology_8h.aux'.

 (./Morphology_8h.tex)
[112


]
\openout2 = `Morphology_8hxx.aux'.

 (./Morphology_8hxx.tex [113


] [114]) [115]
\openout2 = `random-singleton_8cpp.aux'.

 (./random-singleton_8cpp.tex)
[116


]
\openout2 = `random-singleton_8h.aux'.

 (./random-singleton_8h.tex) [117


]
\openout2 = `RegionGrowing_8h.aux'.

 (./RegionGrowing_8h.tex) [118


]
\openout2 = `RegionGrowing_8hxx.aux'.


(./RegionGrowing_8hxx.tex) [119


]
\openout2 = `Tarjan_8h.aux'.

 (./Tarjan_8h.tex) [120


]
\openout2 = `Tarjan_8hxx.aux'.

 (./Tarjan_8hxx.tex)
[121


]
\openout2 = `TemplateMatching_8h.aux'.

 (./TemplateMatching_8h.tex) [122


]
\openout2 = `TemplateMatching_8hxx.aux'.

 (./TemplateMatching_8hxx.tex) [123


]
\openout2 = `Thresholding_8h.aux'.


(./Thresholding_8h.tex) [124


]
\openout2 = `Thresholding_8hxx.aux'.

 (./Thresholding_8hxx.tex) [125


]
\openout2 = `ViscousWatershed_8h.aux'.


(./ViscousWatershed_8h.tex) [126


]
\openout2 = `ViscousWatershed_8hxx.aux'.

 (./ViscousWatershed_8hxx.tex) [127


]
\openout2 = `Watershed_8h.aux'.


(./Watershed_8h.tex) [128


]
\openout2 = `Watershed_8hxx.aux'.

 (./Watershed_8hxx.tex) [129


]
\openout2 = `FlatSE_8h.aux'.

 (./FlatSE_8h.tex)
[130


]
\openout2 = `FlatSE_8hxx.aux'.

 (./FlatSE_8hxx.tex) [131


]
\openout2 = `Histogram_8h.aux'.

 (./Histogram_8h.tex) [132


]
\openout2 = `Histogram_8hxx.aux'.


(./Histogram_8hxx.tex) [133


]
\openout2 = `Image_8h.aux'.

 (./Image_8h.tex) [134


]
\openout2 = `Image_8hxx.aux'.

 (./Image_8hxx.tex) [135


]
\openout2 = `ImageIO_8hxx.aux'.


(./ImageIO_8hxx.tex) [136


]
\openout2 = `ImageIterators_8h.aux'.

 (./ImageIterators_8h.tex) [137


]
\openout2 = `NonFlatSE_8h.aux'.

 (./NonFlatSE_8h.tex) [138


]
\openout2 = `NonFlatSE_8hxx.aux'.

 (./NonFlatSE_8hxx.tex) [139


]
\openout2 = `OrderedQueue_8h.aux'.

 (./OrderedQueue_8h.tex) [140


]
\openout2 = `Point_8h.aux'.


(./Point_8h.tex) [141


]
\openout2 = `Types_8h.aux'.

 (./Types_8h.tex) [142


] (./refman.ind [143


] [144]
[145] [146] [147] [148] [149] [150] [151

]) (./refman.aux
(./group__ccLabelling.aux) (./group__DistanceTransform.aux)
(./group__kMeans.aux) (./group__misc.aux) (./group__Morpho.aux)
(./group__basisFunctions.aux) (./group__extremaExtraction.aux)
(./group__reconstruction.aux) (./group__connectedOperators.aux)
(./group__interval.aux) (./group__regionGrowing.aux) (./group__Tarjan.aux)
(./group__templateMatching.aux) (./group__ImageProcessing.aux)
(./group__thresholding.aux) (./group__constrainedWatershed.aux)
(./group__watershed.aux) (./group__FlatSE.aux) (./group__Histogram.aux)
(./group__DataStructures.aux) (./group__Image.aux) (./group__NonFlatSE.aux)
(./group__Point.aux) (./dir_000001.aux) (./namespacestd.aux)
(./classLibTIM_1_1Histogram.aux) (./classLibTIM_1_1Image.aux)
(./classLibTIM_1_1ImageIterator.aux) (./classLibTIM_1_1ImageIteratorXYZ.aux)
(./classLibTIM_1_1ImageRegionsInfos.aux) (./structLibTIM_1_1Node.aux)
(./classLibTIM_1_1NonFlatSE.aux) (./classLibTIM_1_1OrderedQueue.aux)
(./classLibTIM_1_1OrderedQueueDouble.aux) (./classLibTIM_1_1Point.aux)
(./classLibTIM_1_1Queue.aux) (./classRandom.aux) (./structLibTIM_1_1Region.aux)
(./structLibTIM_1_1Table.aux) (./AdaptativeSE_8hxx.aux) (./ComponentTree_8h.aux
) (./ComponentTree_8hxx.aux) (./ConnectedComponents_8h.aux)
(./ConnectedComponents_8hxx.aux) (./DistanceTransform_8h.aux)
(./DistanceTransform_8hxx.aux) (./KMeans_8h.aux) (./KMeans_8hxx.aux)
(./Misc_8h.aux) (./Misc_8hxx.aux) (./Morphology_8h.aux) (./Morphology_8hxx.aux)
(./random-singleton_8cpp.aux) (./random-singleton_8h.aux)
(./RegionGrowing_8h.aux) (./RegionGrowing_8hxx.aux) (./Tarjan_8h.aux)
(./Tarjan_8hxx.aux) (./TemplateMatching_8h.aux) (./TemplateMatching_8hxx.aux)
(./Thresholding_8h.aux) (./Thresholding_8hxx.aux) (./ViscousWatershed_8h.aux)
(./ViscousWatershed_8hxx.aux) (./Watershed_8h.aux) (./Watershed_8hxx.aux)
(./FlatSE_8h.aux) (./FlatSE_8hxx.aux) (./Histogram_8h.aux)
(./Histogram_8hxx.aux) (./Image_8h.aux) (./Image_8hxx.aux) (./ImageIO_8hxx.aux)
(./ImageIterators_8h.aux) (./NonFlatSE_8h.aux) (./NonFlatSE_8hxx.aux)
(./OrderedQueue_8h.aux) (./Point_8h.aux) (./Types_8h.aux)) ) 
Here is how much of TeX's memory you used:
 2766 strings out of 94501
 44360 string characters out of 1169455
 97850 words of memory out of 1000000
 5328 multiletter control sequences out of 10000+50000
 20214 words of font info for 43 fonts, out of 500000 for 2000
 580 hyphenation exceptions out of 1000
 31i,12n,43p,1504b,416s stack positions out of 3000i,1500n,5000p,200000b,15000s

Output written on refman.dvi (157 pages, 298028 bytes).
